<?xml version="1.0" encoding="UTF-8"?>
<!-- Generated by org.testng.reporters.JUnitReportReporter -->
<testsuite hostname="LAPTOP-U55Q2G31" failures="0" tests="4" name="tests.Register" time="0.026" errors="0" timestamp="2025-02-12T22:41:37 GMT-05:00" skipped="0">
  <testcase classname="tests.Register" name="registerwithMandatoryfield" time="0.016"/>
  <system-out/>
  <testcase classname="tests.Register" name="registerwithallfield" time="0.003"/>
  <system-out/>
  <testcase classname="tests.Register" name="registerwithoutProvodingAnyfield" time="0.003"/>
  <system-out/>
  <testcase classname="tests.Register" name="registerwithDuplicateAccount" time="0.004"/>
  <system-out/>
</testsuite> <!-- tests.Register -->
