<?xml version="1.0" encoding="UTF-8"?>
<!-- Generated by org.testng.reporters.JUnitReportReporter -->
<testsuite hostname="LAPTOP-U55Q2G31" failures="0" tests="5" name="tests.Login" time="0.019" errors="0" timestamp="2025-02-12T22:41:37 GMT-05:00" skipped="0">
  <testcase classname="tests.Login" name="loginWithValidCredentials" time="0.014"/>
  <system-out/>
  <testcase classname="tests.Login" name="loginWithValidEmailandInvalidPassword" time="0.002"/>
  <system-out/>
  <testcase classname="tests.Login" name="loginWithInValidEmailandvalidPassword" time="0.000"/>
  <system-out/>
  <testcase classname="tests.Login" name="loginWithInValidEmailandInvalidPassword" time="0.001"/>
  <system-out/>
  <testcase classname="tests.Login" name="loginWithoutProvidingCredentials" time="0.002"/>
  <system-out/>
</testsuite> <!-- tests.Login -->
