<?xml version="1.0" encoding="UTF-8"?>
<!-- Generated by org.testng.reporters.JUnitReportReporter -->
<testsuite hostname="LAPTOP-U55Q2G31" failures="0" tests="5" name="tests.testNG_DataProvider" time="155.604" errors="0" timestamp="2025-02-18T12:01:26 GMT-05:00" skipped="0">
  <testcase classname="tests.testNG_DataProvider" name="VerifyLogin" time="54.916"/>
  <system-out/>
  <testcase classname="tests.testNG_DataProvider" name="VerifyLogin" time="15.145"/>
  <system-out/>
  <testcase classname="tests.testNG_DataProvider" name="VerifyLogin" time="17.557"/>
  <system-out/>
  <testcase classname="tests.testNG_DataProvider" name="VerifyLogin" time="54.917"/>
  <system-out/>
  <testcase classname="tests.testNG_DataProvider" name="VerifyLogin" time="13.069"/>
  <system-out/>
</testsuite> <!-- tests.testNG_DataProvider -->
